[0.088s] DEBUG:colcon:Command line arguments: ['/usr/bin/colcon', 'list', '-p', '--base-paths', '/home/phet/Documents/GitHub/example_description']
[0.088s] DEBUG:colcon:Parsed command line arguments: Namespace(log_base=None, log_level=None, verb_name='list', build_base='build', ignore_user_meta=False, metas=['./colcon.meta'], base_paths=['/home/phet/Documents/GitHub/example_description'], packages_ignore=None, packages_ignore_regex=None, paths=None, packages_up_to=None, packages_up_to_regex=None, packages_above=None, packages_above_and_dependencies=None, packages_above_depth=None, packages_select_by_dep=None, packages_skip_by_dep=None, packages_skip_up_to=None, packages_select_build_failed=False, packages_skip_build_finished=False, packages_select_test_failures=False, packages_skip_test_passed=False, packages_select=None, packages_skip=None, packages_select_regex=None, packages_skip_regex=None, packages_start=None, packages_end=None, allow_overriding=[], topological_order=False, names_only=False, paths_only=True, topological_graph=False, topological_graph_dot=False, topological_graph_density=False, topological_graph_legend=False, topological_graph_dot_cluster=False, topological_graph_dot_include_skipped=False, mixin_files=None, mixin=None, verb_parser=<colcon_mixin.mixin.mixin_argument.MixinArgumentDecorator object at 0x7ae174065e10>, verb_extension=<colcon_package_information.verb.list.ListVerb object at 0x7ae174064d90>, main=<bound method ListVerb.main of <colcon_package_information.verb.list.ListVerb object at 0x7ae174064d90>>, mixin_verb=('list',))
[0.230s] Level 1:colcon.colcon_core.package_discovery:discover_packages(colcon_meta) check parameters
[0.230s] Level 1:colcon.colcon_core.package_discovery:discover_packages(recursive) check parameters
[0.230s] Level 1:colcon.colcon_core.package_discovery:discover_packages(ignore) check parameters
[0.230s] Level 1:colcon.colcon_core.package_discovery:discover_packages(path) check parameters
[0.230s] Level 1:colcon.colcon_core.package_discovery:discover_packages(recursive) discover
[0.230s] INFO:colcon.colcon_core.package_discovery:Crawling recursively for packages in '/home/phet/Documents/GitHub/example_description'
[0.231s] Level 1:colcon.colcon_core.package_identification:_identify(/home/phet/Documents/GitHub/example_description) by extensions ['ignore', 'ignore_ament_install']
[0.231s] Level 1:colcon.colcon_core.package_identification:_identify(/home/phet/Documents/GitHub/example_description) by extension 'ignore'
[0.231s] Level 1:colcon.colcon_core.package_identification:_identify(/home/phet/Documents/GitHub/example_description) by extension 'ignore_ament_install'
[0.231s] Level 1:colcon.colcon_core.package_identification:_identify(/home/phet/Documents/GitHub/example_description) by extensions ['colcon_pkg']
[0.231s] Level 1:colcon.colcon_core.package_identification:_identify(/home/phet/Documents/GitHub/example_description) by extension 'colcon_pkg'
[0.231s] Level 1:colcon.colcon_core.package_identification:_identify(/home/phet/Documents/GitHub/example_description) by extensions ['colcon_meta']
[0.231s] Level 1:colcon.colcon_core.package_identification:_identify(/home/phet/Documents/GitHub/example_description) by extension 'colcon_meta'
[0.231s] Level 1:colcon.colcon_core.package_identification:_identify(/home/phet/Documents/GitHub/example_description) by extensions ['ros']
[0.231s] Level 1:colcon.colcon_core.package_identification:_identify(/home/phet/Documents/GitHub/example_description) by extension 'ros'
[0.244s] Level 1:colcon.colcon_core.package_identification:_identify(/home/phet/Documents/GitHub/example_description) by extensions ['cmake', 'python']
[0.244s] Level 1:colcon.colcon_core.package_identification:_identify(/home/phet/Documents/GitHub/example_description) by extension 'cmake'
[0.244s] Level 1:colcon.colcon_core.package_identification:_identify(/home/phet/Documents/GitHub/example_description) by extension 'python'
[0.244s] Level 1:colcon.colcon_core.package_identification:_identify(/home/phet/Documents/GitHub/example_description) by extensions ['python_setup_py']
[0.244s] Level 1:colcon.colcon_core.package_identification:_identify(/home/phet/Documents/GitHub/example_description) by extension 'python_setup_py'
[0.244s] Level 1:colcon.colcon_core.package_identification:_identify(/home/phet/Documents/GitHub/example_description/log) by extensions ['ignore', 'ignore_ament_install']
[0.244s] Level 1:colcon.colcon_core.package_identification:_identify(/home/phet/Documents/GitHub/example_description/log) by extension 'ignore'
[0.244s] Level 1:colcon.colcon_core.package_identification:_identify(/home/phet/Documents/GitHub/example_description/log) ignored
[0.244s] Level 1:colcon.colcon_core.package_identification:_identify(/home/phet/Documents/GitHub/example_description/src) by extensions ['ignore', 'ignore_ament_install']
[0.245s] Level 1:colcon.colcon_core.package_identification:_identify(/home/phet/Documents/GitHub/example_description/src) by extension 'ignore'
[0.245s] Level 1:colcon.colcon_core.package_identification:_identify(/home/phet/Documents/GitHub/example_description/src) by extension 'ignore_ament_install'
[0.245s] Level 1:colcon.colcon_core.package_identification:_identify(/home/phet/Documents/GitHub/example_description/src) by extensions ['colcon_pkg']
[0.245s] Level 1:colcon.colcon_core.package_identification:_identify(/home/phet/Documents/GitHub/example_description/src) by extension 'colcon_pkg'
[0.245s] Level 1:colcon.colcon_core.package_identification:_identify(/home/phet/Documents/GitHub/example_description/src) by extensions ['colcon_meta']
[0.245s] Level 1:colcon.colcon_core.package_identification:_identify(/home/phet/Documents/GitHub/example_description/src) by extension 'colcon_meta'
[0.245s] Level 1:colcon.colcon_core.package_identification:_identify(/home/phet/Documents/GitHub/example_description/src) by extensions ['ros']
[0.245s] Level 1:colcon.colcon_core.package_identification:_identify(/home/phet/Documents/GitHub/example_description/src) by extension 'ros'
[0.245s] Level 1:colcon.colcon_core.package_identification:_identify(/home/phet/Documents/GitHub/example_description/src) by extensions ['cmake', 'python']
[0.245s] Level 1:colcon.colcon_core.package_identification:_identify(/home/phet/Documents/GitHub/example_description/src) by extension 'cmake'
[0.245s] Level 1:colcon.colcon_core.package_identification:_identify(/home/phet/Documents/GitHub/example_description/src) by extension 'python'
[0.245s] Level 1:colcon.colcon_core.package_identification:_identify(/home/phet/Documents/GitHub/example_description/src) by extensions ['python_setup_py']
[0.245s] Level 1:colcon.colcon_core.package_identification:_identify(/home/phet/Documents/GitHub/example_description/src) by extension 'python_setup_py'
[0.245s] Level 1:colcon.colcon_core.package_identification:_identify(/home/phet/Documents/GitHub/example_description/src/hello_robot) by extensions ['ignore', 'ignore_ament_install']
[0.246s] Level 1:colcon.colcon_core.package_identification:_identify(/home/phet/Documents/GitHub/example_description/src/hello_robot) by extension 'ignore'
[0.246s] Level 1:colcon.colcon_core.package_identification:_identify(/home/phet/Documents/GitHub/example_description/src/hello_robot) by extension 'ignore_ament_install'
[0.246s] Level 1:colcon.colcon_core.package_identification:_identify(/home/phet/Documents/GitHub/example_description/src/hello_robot) by extensions ['colcon_pkg']
[0.246s] Level 1:colcon.colcon_core.package_identification:_identify(/home/phet/Documents/GitHub/example_description/src/hello_robot) by extension 'colcon_pkg'
[0.246s] Level 1:colcon.colcon_core.package_identification:_identify(/home/phet/Documents/GitHub/example_description/src/hello_robot) by extensions ['colcon_meta']
[0.246s] Level 1:colcon.colcon_core.package_identification:_identify(/home/phet/Documents/GitHub/example_description/src/hello_robot) by extension 'colcon_meta'
[0.246s] Level 1:colcon.colcon_core.package_identification:_identify(/home/phet/Documents/GitHub/example_description/src/hello_robot) by extensions ['ros']
[0.246s] Level 1:colcon.colcon_core.package_identification:_identify(/home/phet/Documents/GitHub/example_description/src/hello_robot) by extension 'ros'
[0.249s] DEBUG:colcon.colcon_core.package_identification:Package '/home/phet/Documents/GitHub/example_description/src/hello_robot' with type 'ros.ament_cmake' and name 'example_description'
[0.249s] Level 1:colcon.colcon_core.package_identification:_identify(/home/phet/Documents/GitHub/example_description/src/lab1_interfaces) by extensions ['ignore', 'ignore_ament_install']
[0.250s] Level 1:colcon.colcon_core.package_identification:_identify(/home/phet/Documents/GitHub/example_description/src/lab1_interfaces) by extension 'ignore'
[0.250s] Level 1:colcon.colcon_core.package_identification:_identify(/home/phet/Documents/GitHub/example_description/src/lab1_interfaces) by extension 'ignore_ament_install'
[0.250s] Level 1:colcon.colcon_core.package_identification:_identify(/home/phet/Documents/GitHub/example_description/src/lab1_interfaces) by extensions ['colcon_pkg']
[0.250s] Level 1:colcon.colcon_core.package_identification:_identify(/home/phet/Documents/GitHub/example_description/src/lab1_interfaces) by extension 'colcon_pkg'
[0.250s] Level 1:colcon.colcon_core.package_identification:_identify(/home/phet/Documents/GitHub/example_description/src/lab1_interfaces) by extensions ['colcon_meta']
[0.250s] Level 1:colcon.colcon_core.package_identification:_identify(/home/phet/Documents/GitHub/example_description/src/lab1_interfaces) by extension 'colcon_meta'
[0.250s] Level 1:colcon.colcon_core.package_identification:_identify(/home/phet/Documents/GitHub/example_description/src/lab1_interfaces) by extensions ['ros']
[0.250s] Level 1:colcon.colcon_core.package_identification:_identify(/home/phet/Documents/GitHub/example_description/src/lab1_interfaces) by extension 'ros'
[0.251s] DEBUG:colcon.colcon_core.package_identification:Package '/home/phet/Documents/GitHub/example_description/src/lab1_interfaces' with type 'ros.ament_cmake' and name 'lab1_interfaces'
[0.251s] Level 1:colcon.colcon_core.package_discovery:discover_packages(recursive) using defaults
